midterm/app/build/intermediates/manifest_merge_blame_file/debug/processDebugMainManifest/manifest-merger-blame-debug-report.txt
1<?xml version="1.0" encoding="utf-8"?>
2<manifest xmlns:android="http://schemas.android.com/apk/res/android"
3    package="com.example.studentinformationmanagement"
4    android:versionCode="1"
5    android:versionName="1.0" >
6
7    <uses-sdk
8        android:minSdkVersion="30"
9        android:targetSdkVersion="34" />
10
11    <uses-permission android:name="android.permission.INTERNET" />
11-->[com.google.firebase:firebase-auth:23.1.0] AndroidManifest.xml:25:5-67
11-->[com.google.firebase:firebase-auth:23.1.0] AndroidManifest.xml:25:22-64
12    <uses-permission android:name="android.permission.ACCESS_NETWORK_STATE" />
12-->[com.google.firebase:firebase-auth:23.1.0] AndroidManifest.xml:26:5-79
12-->[com.google.firebase:firebase-auth:23.1.0] AndroidManifest.xml:26:22-76
13    <uses-permission android:name="com.google.android.providers.gsf.permission.READ_GSERVICES" />
13-->[com.google.android.recaptcha:recaptcha:18.5.1] AndroidManifest.xml:9:5-98
13-->[com.google.android.recaptcha:recaptcha:18.5.1] AndroidManifest.xml:9:22-95
14    <uses-permission android:name="android.permission.WAKE_LOCK" />
14-->[com.google.android.gms:play-services-measurement-api:22.1.2] AndroidManifest.xml:24:5-68
14-->[com.google.android.gms:play-services-measurement-api:22.1.2] AndroidManifest.xml:24:22-65
15    <uses-permission android:name="com.google.android.gms.permission.AD_ID" />
15-->[com.google.android.gms:play-services-measurement-api:22.1.2] AndroidManifest.xml:25:5-79
15-->[com.google.android.gms:play-services-measurement-api:22.1.2] AndroidManifest.xml:25:22-76
16    <uses-permission android:name="android.permission.ACCESS_ADSERVICES_ATTRIBUTION" />
16-->[com.google.android.gms:play-services-measurement-api:22.1.2] AndroidManifest.xml:26:5-88
16-->[com.google.android.gms:play-services-measurement-api:22.1.2] AndroidManifest.xml:26:22-85
17    <uses-permission android:name="android.permission.ACCESS_ADSERVICES_AD_ID" />
17-->[com.google.android.gms:play-services-measurement-api:22.1.2] AndroidManifest.xml:27:5-82
17-->[com.google.android.gms:play-services-measurement-api:22.1.2] AndroidManifest.xml:27:22-79
18    <uses-permission android:name="com.google.android.finsky.permission.BIND_GET_INSTALL_REFERRER_SERVICE" />
18-->[com.google.android.gms:play-services-measurement:22.1.2] AndroidManifest.xml:26:5-110
18-->[com.google.android.gms:play-services-measurement:22.1.2] AndroidManifest.xml:26:22-107
19
20    <permission
20-->[androidx.core:core:1.13.0] AndroidManifest.xml:22:5-24:47
21        android:name="com.example.studentinformationmanagement.DYNAMIC_RECEIVER_NOT_EXPORTED_PERMISSION"
21-->[androidx.core:core:1.13.0] AndroidManifest.xml:23:9-81
22        android:protectionLevel="signature" />
22-->[androidx.core:core:1.13.0] AndroidManifest.xml:24:9-44
23
24    <uses-permission android:name="com.example.studentinformationmanagement.DYNAMIC_RECEIVER_NOT_EXPORTED_PERMISSION" />
24-->[androidx.core:core:1.13.0] AndroidManifest.xml:26:5-97
24-->[androidx.core:core:1.13.0] AndroidManifest.xml:26:22-94
25
26    <application
26-->src\main\AndroidManifest.xml:5:5-30:19
27        android:allowBackup="true"
27-->src\main\AndroidManifest.xml:6:9-35
28        android:appComponentFactory="androidx.core.app.CoreComponentFactory"
28-->[androidx.core:core:1.13.0] AndroidManifest.xml:28:18-86
29        android:dataExtractionRules="@xml/data_extraction_rules"
29-->src\main\AndroidManifest.xml:7:9-65
30        android:debuggable="true"
31        android:extractNativeLibs="false"
32        android:fullBackupContent="@xml/backup_rules"
32-->src\main\AndroidManifest.xml:8:9-54
33        android:icon="@mipmap/ic_launcher"
33-->src\main\AndroidManifest.xml:9:9-43
34        android:label="@string/app_name"
34-->src\main\AndroidManifest.xml:10:9-41
35        android:roundIcon="@mipmap/ic_launcher_round"
35-->src\main\AndroidManifest.xml:11:9-54
36        android:supportsRtl="true"
36-->src\main\AndroidManifest.xml:12:9-35
37        android:testOnly="true"
38        android:theme="@style/Theme.StudentInformationManagement" >
38-->src\main\AndroidManifest.xml:13:9-66
39        <activity android:name="com.example.studentinformationmanagement.LoginActivity" />
39-->src\main\AndroidManifest.xml:15:9-50
39-->src\main\AndroidManifest.xml:15:19-48
40        <activity
40-->src\main\AndroidManifest.xml:16:9-20:60
41            android:name="com.example.studentinformationmanagement.Employee"
41-->src\main\AndroidManifest.xml:17:13-37
42            android:exported="false"
42-->src\main\AndroidManifest.xml:19:13-37
43            android:label="@string/title_activity_main2"
43-->src\main\AndroidManifest.xml:20:13-57
44            android:theme="@style/Theme.AppCompat.NoActionBar" />
44-->src\main\AndroidManifest.xml:18:13-63
45        <activity
45-->src\main\AndroidManifest.xml:21:9-29:20
46            android:name="com.example.studentinformationmanagement.MainActivity"
46-->src\main\AndroidManifest.xml:22:13-41
47            android:exported="true" >
47-->src\main\AndroidManifest.xml:23:13-36
48            <intent-filter>
48-->src\main\AndroidManifest.xml:24:13-28:29
49                <action android:name="android.intent.action.MAIN" />
49-->src\main\AndroidManifest.xml:25:17-69
49-->src\main\AndroidManifest.xml:25:25-66
50
51                <category android:name="android.intent.category.LAUNCHER" />
51-->src\main\AndroidManifest.xml:27:17-77
51-->src\main\AndroidManifest.xml:27:27-74
52            </intent-filter>
53        </activity>
54        <activity
54-->[com.google.firebase:firebase-auth:23.1.0] AndroidManifest.xml:29:9-46:20
55            android:name="com.google.firebase.auth.internal.GenericIdpActivity"
55-->[com.google.firebase:firebase-auth:23.1.0] AndroidManifest.xml:30:13-80
56            android:excludeFromRecents="true"
56-->[com.google.firebase:firebase-auth:23.1.0] AndroidManifest.xml:31:13-46
57            android:exported="true"
57-->[com.google.firebase:firebase-auth:23.1.0] AndroidManifest.xml:32:13-36
58            android:launchMode="singleTask"
58-->[com.google.firebase:firebase-auth:23.1.0] AndroidManifest.xml:33:13-44
59            android:theme="@android:style/Theme.Translucent.NoTitleBar" >
59-->[com.google.firebase:firebase-auth:23.1.0] AndroidManifest.xml:34:13-72
60            <intent-filter>
60-->[com.google.firebase:firebase-auth:23.1.0] AndroidManifest.xml:35:13-45:29
61                <action android:name="android.intent.action.VIEW" />
61-->[com.google.firebase:firebase-auth:23.1.0] AndroidManifest.xml:36:17-69
61-->[com.google.firebase:firebase-auth:23.1.0] AndroidManifest.xml:36:25-66
62
63                <category android:name="android.intent.category.DEFAULT" />
63-->[com.google.firebase:firebase-auth:23.1.0] AndroidManifest.xml:38:17-76
63-->[com.google.firebase:firebase-auth:23.1.0] AndroidManifest.xml:38:27-73
64                <category android:name="android.intent.category.BROWSABLE" />
64-->[com.google.firebase:firebase-auth:23.1.0] AndroidManifest.xml:39:17-78
64-->[com.google.firebase:firebase-auth:23.1.0] AndroidManifest.xml:39:27-75
65
66                <data
66-->[com.google.firebase:firebase-auth:23.1.0] AndroidManifest.xml:41:17-44:51
67                    android:host="firebase.auth"
67-->[com.google.firebase:firebase-auth:23.1.0] AndroidManifest.xml:42:21-49
68                    android:path="/"
68-->[com.google.firebase:firebase-auth:23.1.0] AndroidManifest.xml:43:21-37
69                    android:scheme="genericidp" />
69-->[com.google.firebase:firebase-auth:23.1.0] AndroidManifest.xml:44:21-48
70            </intent-filter>
71        </activity>
72        <activity
72-->[com.google.firebase:firebase-auth:23.1.0] AndroidManifest.xml:47:9-64:20
73            android:name="com.google.firebase.auth.internal.RecaptchaActivity"
73-->[com.google.firebase:firebase-auth:23.1.0] AndroidManifest.xml:48:13-79
74            android:excludeFromRecents="true"
74-->[com.google.firebase:firebase-auth:23.1.0] AndroidManifest.xml:49:13-46
75            android:exported="true"
75-->[com.google.firebase:firebase-auth:23.1.0] AndroidManifest.xml:50:13-36
76            android:launchMode="singleTask"
76-->[com.google.firebase:firebase-auth:23.1.0] AndroidManifest.xml:51:13-44
77            android:theme="@android:style/Theme.Translucent.NoTitleBar" >
77-->[com.google.firebase:firebase-auth:23.1.0] AndroidManifest.xml:52:13-72
78            <intent-filter>
78-->[com.google.firebase:firebase-auth:23.1.0] AndroidManifest.xml:53:13-63:29
79                <action android:name="android.intent.action.VIEW" />
79-->[com.google.firebase:firebase-auth:23.1.0] AndroidManifest.xml:36:17-69
79-->[com.google.firebase:firebase-auth:23.1.0] AndroidManifest.xml:36:25-66
80
81                <category android:name="android.intent.category.DEFAULT" />
81-->[com.google.firebase:firebase-auth:23.1.0] AndroidManifest.xml:38:17-76
81-->[com.google.firebase:firebase-auth:23.1.0] AndroidManifest.xml:38:27-73
82                <category android:name="android.intent.category.BROWSABLE" />
82-->[com.google.firebase:firebase-auth:23.1.0] AndroidManifest.xml:39:17-78
82-->[com.google.firebase:firebase-auth:23.1.0] AndroidManifest.xml:39:27-75
83
84                <data
84-->[com.google.firebase:firebase-auth:23.1.0] AndroidManifest.xml:41:17-44:51
85                    android:host="firebase.auth"
85-->[com.google.firebase:firebase-auth:23.1.0] AndroidManifest.xml:42:21-49
86                    android:path="/"
86-->[com.google.firebase:firebase-auth:23.1.0] AndroidManifest.xml:43:21-37
87                    android:scheme="recaptcha" />
87-->[com.google.firebase:firebase-auth:23.1.0] AndroidManifest.xml:44:21-48
88            </intent-filter>
89        </activity>
90
91        <service
91-->[com.google.firebase:firebase-auth:23.1.0] AndroidManifest.xml:66:9-72:19
92            android:name="com.google.firebase.components.ComponentDiscoveryService"
92-->[com.google.firebase:firebase-auth:23.1.0] AndroidManifest.xml:67:13-84
93            android:directBootAware="true"
93-->[com.google.firebase:firebase-common:21.0.0] AndroidManifest.xml:32:13-43
94            android:exported="false" >
94-->[com.google.firebase:firebase-auth:23.1.0] AndroidManifest.xml:68:13-37
95            <meta-data
95-->[com.google.firebase:firebase-auth:23.1.0] AndroidManifest.xml:69:13-71:85
96                android:name="com.google.firebase.components:com.google.firebase.auth.FirebaseAuthRegistrar"
96-->[com.google.firebase:firebase-auth:23.1.0] AndroidManifest.xml:70:17-109
97                android:value="com.google.firebase.components.ComponentRegistrar" />
97-->[com.google.firebase:firebase-auth:23.1.0] AndroidManifest.xml:71:17-82
98            <meta-data
98-->[com.google.android.gms:play-services-measurement-api:22.1.2] AndroidManifest.xml:37:13-39:85
99                android:name="com.google.firebase.components:com.google.firebase.analytics.connector.internal.AnalyticsConnectorRegistrar"
99-->[com.google.android.gms:play-services-measurement-api:22.1.2] AndroidManifest.xml:38:17-139
100                android:value="com.google.firebase.components.ComponentRegistrar" />
100-->[com.google.android.gms:play-services-measurement-api:22.1.2] AndroidManifest.xml:39:17-82
101            <meta-data
101-->[com.google.firebase:firebase-installations:18.0.0] AndroidManifest.xml:15:13-17:85
102                android:name="com.google.firebase.components:com.google.firebase.installations.FirebaseInstallationsKtxRegistrar"
102-->[com.google.firebase:firebase-installations:18.0.0] AndroidManifest.xml:16:17-130
103                android:value="com.google.firebase.components.ComponentRegistrar" />
103-->[com.google.firebase:firebase-installations:18.0.0] AndroidManifest.xml:17:17-82
104            <meta-data
104-->[com.google.firebase:firebase-installations:18.0.0] AndroidManifest.xml:18:13-20:85
105                android:name="com.google.firebase.components:com.google.firebase.installations.FirebaseInstallationsRegistrar"
105-->[com.google.firebase:firebase-installations:18.0.0] AndroidManifest.xml:19:17-127
106                android:value="com.google.firebase.components.ComponentRegistrar" />
106-->[com.google.firebase:firebase-installations:18.0.0] AndroidManifest.xml:20:17-82
107            <meta-data
107-->[com.google.firebase:firebase-common-ktx:21.0.0] AndroidManifest.xml:12:13-14:85
108                android:name="com.google.firebase.components:com.google.firebase.ktx.FirebaseCommonLegacyRegistrar"
108-->[com.google.firebase:firebase-common-ktx:21.0.0] AndroidManifest.xml:13:17-116
109                android:value="com.google.firebase.components.ComponentRegistrar" />
109-->[com.google.firebase:firebase-common-ktx:21.0.0] AndroidManifest.xml:14:17-82
110            <meta-data
110-->[com.google.firebase:firebase-common:21.0.0] AndroidManifest.xml:35:13-37:85
111                android:name="com.google.firebase.components:com.google.firebase.FirebaseCommonKtxRegistrar"
111-->[com.google.firebase:firebase-common:21.0.0] AndroidManifest.xml:36:17-109
112                android:value="com.google.firebase.components.ComponentRegistrar" />
112-->[com.google.firebase:firebase-common:21.0.0] AndroidManifest.xml:37:17-82
113        </service>
114        <service
114-->[androidx.credentials:credentials-play-services-auth:1.2.0-rc01] AndroidManifest.xml:24:9-32:19
115            android:name="androidx.credentials.playservices.CredentialProviderMetadataHolder"
115-->[androidx.credentials:credentials-play-services-auth:1.2.0-rc01] AndroidManifest.xml:25:13-94
116            android:enabled="true"
116-->[androidx.credentials:credentials-play-services-auth:1.2.0-rc01] AndroidManifest.xml:26:13-35
117            android:exported="false" >
117-->[androidx.credentials:credentials-play-services-auth:1.2.0-rc01] AndroidManifest.xml:27:13-37
118            <meta-data
118-->[androidx.credentials:credentials-play-services-auth:1.2.0-rc01] AndroidManifest.xml:29:13-31:104
119                android:name="androidx.credentials.CREDENTIAL_PROVIDER_KEY"
119-->[androidx.credentials:credentials-play-services-auth:1.2.0-rc01] AndroidManifest.xml:30:17-76
120                android:value="androidx.credentials.playservices.CredentialProviderPlayServicesImpl" />
120-->[androidx.credentials:credentials-play-services-auth:1.2.0-rc01] AndroidManifest.xml:31:17-101
121        </service>
122
123        <activity
123-->[androidx.credentials:credentials-play-services-auth:1.2.0-rc01] AndroidManifest.xml:34:9-41:20
124            android:name="androidx.credentials.playservices.HiddenActivity"
124-->[androidx.credentials:credentials-play-services-auth:1.2.0-rc01] AndroidManifest.xml:35:13-76
125            android:configChanges="orientation|screenSize|screenLayout|keyboardHidden"
125-->[androidx.credentials:credentials-play-services-auth:1.2.0-rc01] AndroidManifest.xml:36:13-87
126            android:enabled="true"
126-->[androidx.credentials:credentials-play-services-auth:1.2.0-rc01] AndroidManifest.xml:37:13-35
127            android:exported="false"
127-->[androidx.credentials:credentials-play-services-auth:1.2.0-rc01] AndroidManifest.xml:38:13-37
128            android:fitsSystemWindows="true"
128-->[androidx.credentials:credentials-play-services-auth:1.2.0-rc01] AndroidManifest.xml:39:13-45
129            android:theme="@style/Theme.Hidden" >
129-->[androidx.credentials:credentials-play-services-auth:1.2.0-rc01] AndroidManifest.xml:40:13-48
130        </activity>
131        <activity
131-->[com.google.android.gms:play-services-auth:20.7.0] AndroidManifest.xml:23:9-27:75
132            android:name="com.google.android.gms.auth.api.signin.internal.SignInHubActivity"
132-->[com.google.android.gms:play-services-auth:20.7.0] AndroidManifest.xml:24:13-93
133            android:excludeFromRecents="true"
133-->[com.google.android.gms:play-services-auth:20.7.0] AndroidManifest.xml:25:13-46
134            android:exported="false"
134-->[com.google.android.gms:play-services-auth:20.7.0] AndroidManifest.xml:26:13-37
135            android:theme="@android:style/Theme.Translucent.NoTitleBar" />
135-->[com.google.android.gms:play-services-auth:20.7.0] AndroidManifest.xml:27:13-72
136        <!--
137            Service handling Google Sign-In user revocation. For apps that do not integrate with
138            Google Sign-In, this service will never be started.
139        -->
140        <service
140-->[com.google.android.gms:play-services-auth:20.7.0] AndroidManifest.xml:33:9-37:51
141            android:name="com.google.android.gms.auth.api.signin.RevocationBoundService"
141-->[com.google.android.gms:play-services-auth:20.7.0] AndroidManifest.xml:34:13-89
142            android:exported="true"
142-->[com.google.android.gms:play-services-auth:20.7.0] AndroidManifest.xml:35:13-36
143            android:permission="com.google.android.gms.auth.api.signin.permission.REVOCATION_NOTIFICATION"
143-->[com.google.android.gms:play-services-auth:20.7.0] AndroidManifest.xml:36:13-107
144            android:visibleToInstantApps="true" />
144-->[com.google.android.gms:play-services-auth:20.7.0] AndroidManifest.xml:37:13-48
145
146        <property
146-->[com.google.android.gms:play-services-measurement-api:22.1.2] AndroidManifest.xml:30:9-32:61
147            android:name="android.adservices.AD_SERVICES_CONFIG"
147-->[com.google.android.gms:play-services-measurement-api:22.1.2] AndroidManifest.xml:31:13-65
148            android:resource="@xml/ga_ad_services_config" />
148-->[com.google.android.gms:play-services-measurement-api:22.1.2] AndroidManifest.xml:32:13-58
149
150        <provider
150-->[com.google.firebase:firebase-common:21.0.0] AndroidManifest.xml:23:9-28:39
151            android:name="com.google.firebase.provider.FirebaseInitProvider"
151-->[com.google.firebase:firebase-common:21.0.0] AndroidManifest.xml:24:13-77
152            android:authorities="com.example.studentinformationmanagement.firebaseinitprovider"
152-->[com.google.firebase:firebase-common:21.0.0] AndroidManifest.xml:25:13-72
153            android:directBootAware="true"
153-->[com.google.firebase:firebase-common:21.0.0] AndroidManifest.xml:26:13-43
154            android:exported="false"
154-->[com.google.firebase:firebase-common:21.0.0] AndroidManifest.xml:27:13-37
155            android:initOrder="100" />
155-->[com.google.firebase:firebase-common:21.0.0] AndroidManifest.xml:28:13-36
156        <provider
156-->[androidx.emoji2:emoji2:1.3.0] AndroidManifest.xml:24:9-32:20
157            android:name="androidx.startup.InitializationProvider"
157-->[androidx.emoji2:emoji2:1.3.0] AndroidManifest.xml:25:13-67
158            android:authorities="com.example.studentinformationmanagement.androidx-startup"
158-->[androidx.emoji2:emoji2:1.3.0] AndroidManifest.xml:26:13-68
159            android:exported="false" >
159-->[androidx.emoji2:emoji2:1.3.0] AndroidManifest.xml:27:13-37
160            <meta-data
160-->[androidx.emoji2:emoji2:1.3.0] AndroidManifest.xml:29:13-31:52
161                android:name="androidx.emoji2.text.EmojiCompatInitializer"
161-->[androidx.emoji2:emoji2:1.3.0] AndroidManifest.xml:30:17-75
162                android:value="androidx.startup" />
162-->[androidx.emoji2:emoji2:1.3.0] AndroidManifest.xml:31:17-49
163            <meta-data
163-->[androidx.lifecycle:lifecycle-process:2.8.7] AndroidManifest.xml:29:13-31:52
164                android:name="androidx.lifecycle.ProcessLifecycleInitializer"
164-->[androidx.lifecycle:lifecycle-process:2.8.7] AndroidManifest.xml:30:17-78
165                android:value="androidx.startup" />
165-->[androidx.lifecycle:lifecycle-process:2.8.7] AndroidManifest.xml:31:17-49
166            <meta-data
166-->[androidx.profileinstaller:profileinstaller:1.3.1] AndroidManifest.xml:29:13-31:52
167                android:name="androidx.profileinstaller.ProfileInstallerInitializer"
167-->[androidx.profileinstaller:profileinstaller:1.3.1] AndroidManifest.xml:30:17-85
168                android:value="androidx.startup" />
168-->[androidx.profileinstaller:profileinstaller:1.3.1] AndroidManifest.xml:31:17-49
169        </provider>
170
171        <receiver
171-->[com.google.android.gms:play-services-measurement:22.1.2] AndroidManifest.xml:29:9-33:20
172            android:name="com.google.android.gms.measurement.AppMeasurementReceiver"
172-->[com.google.android.gms:play-services-measurement:22.1.2] AndroidManifest.xml:30:13-85
173            android:enabled="true"
173-->[com.google.android.gms:play-services-measurement:22.1.2] AndroidManifest.xml:31:13-35
174            android:exported="false" >
174-->[com.google.android.gms:play-services-measurement:22.1.2] AndroidManifest.xml:32:13-37
175        </receiver>
176
177        <service
177-->[com.google.android.gms:play-services-measurement:22.1.2] AndroidManifest.xml:35:9-38:40
178            android:name="com.google.android.gms.measurement.AppMeasurementService"
178-->[com.google.android.gms:play-services-measurement:22.1.2] AndroidManifest.xml:36:13-84
179            android:enabled="true"
179-->[com.google.android.gms:play-services-measurement:22.1.2] AndroidManifest.xml:37:13-35
180            android:exported="false" />
180-->[com.google.android.gms:play-services-measurement:22.1.2] AndroidManifest.xml:38:13-37
181        <service
181-->[com.google.android.gms:play-services-measurement:22.1.2] AndroidManifest.xml:39:9-43:72
182            android:name="com.google.android.gms.measurement.AppMeasurementJobService"
182-->[com.google.android.gms:play-services-measurement:22.1.2] AndroidManifest.xml:40:13-87
183            android:enabled="true"
183-->[com.google.android.gms:play-services-measurement:22.1.2] AndroidManifest.xml:41:13-35
184            android:exported="false"
184-->[com.google.android.gms:play-services-measurement:22.1.2] AndroidManifest.xml:42:13-37
185            android:permission="android.permission.BIND_JOB_SERVICE" />
185-->[com.google.android.gms:play-services-measurement:22.1.2] AndroidManifest.xml:43:13-69
186
187        <uses-library
187-->[androidx.privacysandbox.ads:ads-adservices:1.0.0-beta05] AndroidManifest.xml:23:9-25:40
188            android:name="android.ext.adservices"
188-->[androidx.privacysandbox.ads:ads-adservices:1.0.0-beta05] AndroidManifest.xml:24:13-50
189            android:required="false" />
189-->[androidx.privacysandbox.ads:ads-adservices:1.0.0-beta05] AndroidManifest.xml:25:13-37
190        <uses-library
190-->[androidx.window:window:1.0.0] AndroidManifest.xml:25:9-27:40
191            android:name="androidx.window.extensions"
191-->[androidx.window:window:1.0.0] AndroidManifest.xml:26:13-54
192            android:required="false" />
192-->[androidx.window:window:1.0.0] AndroidManifest.xml:27:13-37
193        <uses-library
193-->[androidx.window:window:1.0.0] AndroidManifest.xml:28:9-30:40
194            android:name="androidx.window.sidecar"
194-->[androidx.window:window:1.0.0] AndroidManifest.xml:29:13-51
195            android:required="false" />
195-->[androidx.window:window:1.0.0] AndroidManifest.xml:30:13-37
196
197        <activity
197-->[com.google.android.gms:play-services-base:18.5.0] AndroidManifest.xml:5:9-173
198            android:name="com.google.android.gms.common.api.GoogleApiActivity"
198-->[com.google.android.gms:play-services-base:18.5.0] AndroidManifest.xml:5:19-85
199            android:exported="false"
199-->[com.google.android.gms:play-services-base:18.5.0] AndroidManifest.xml:5:146-170
200            android:theme="@android:style/Theme.Translucent.NoTitleBar" />
200-->[com.google.android.gms:play-services-base:18.5.0] AndroidManifest.xml:5:86-145
201
202        <meta-data
202-->[com.google.android.gms:play-services-basement:18.4.0] AndroidManifest.xml:6:9-122
203            android:name="com.google.android.gms.version"
203-->[com.google.android.gms:play-services-basement:18.4.0] AndroidManifest.xml:6:20-65
204            android:value="@integer/google_play_services_version" />
204-->[com.google.android.gms:play-services-basement:18.4.0] AndroidManifest.xml:6:66-119
205
206        <receiver
206-->[androidx.profileinstaller:profileinstaller:1.3.1] AndroidManifest.xml:34:9-52:20
207            android:name="androidx.profileinstaller.ProfileInstallReceiver"
207-->[androidx.profileinstaller:profileinstaller:1.3.1] AndroidManifest.xml:35:13-76
208            android:directBootAware="false"
208-->[androidx.profileinstaller:profileinstaller:1.3.1] AndroidManifest.xml:36:13-44
209            android:enabled="true"
209-->[androidx.profileinstaller:profileinstaller:1.3.1] AndroidManifest.xml:37:13-35
210            android:exported="true"
210-->[androidx.profileinstaller:profileinstaller:1.3.1] AndroidManifest.xml:38:13-36
211            android:permission="android.permission.DUMP" >
211-->[androidx.profileinstaller:profileinstaller:1.3.1] AndroidManifest.xml:39:13-57
212            <intent-filter>
212-->[androidx.profileinstaller:profileinstaller:1.3.1] AndroidManifest.xml:40:13-42:29
213                <action android:name="androidx.profileinstaller.action.INSTALL_PROFILE" />
213-->[androidx.profileinstaller:profileinstaller:1.3.1] AndroidManifest.xml:41:17-91
213-->[androidx.profileinstaller:profileinstaller:1.3.1] AndroidManifest.xml:41:25-88
214            </intent-filter>
215            <intent-filter>
215-->[androidx.profileinstaller:profileinstaller:1.3.1] AndroidManifest.xml:43:13-45:29
216                <action android:name="androidx.profileinstaller.action.SKIP_FILE" />
216-->[androidx.profileinstaller:profileinstaller:1.3.1] AndroidManifest.xml:44:17-85
216-->[androidx.profileinstaller:profileinstaller:1.3.1] AndroidManifest.xml:44:25-82
217            </intent-filter>
218            <intent-filter>
218-->[androidx.profileinstaller:profileinstaller:1.3.1] AndroidManifest.xml:46:13-48:29
219                <action android:name="androidx.profileinstaller.action.SAVE_PROFILE" />
219-->[androidx.profileinstaller:profileinstaller:1.3.1] AndroidManifest.xml:47:17-88
219-->[androidx.profileinstaller:profileinstaller:1.3.1] AndroidManifest.xml:47:25-85
220            </intent-filter>
221            <intent-filter>
221-->[androidx.profileinstaller:profileinstaller:1.3.1] AndroidManifest.xml:49:13-51:29
222                <action android:name="androidx.profileinstaller.action.BENCHMARK_OPERATION" />
222-->[androidx.profileinstaller:profileinstaller:1.3.1] AndroidManifest.xml:50:17-95
222-->[androidx.profileinstaller:profileinstaller:1.3.1] AndroidManifest.xml:50:25-92
223            </intent-filter>
224        </receiver> <!-- The activities will be merged into the manifest of the hosting app. -->
225        <activity
225-->[com.google.android.play:core-common:2.0.3] AndroidManifest.xml:14:9-18:65
226            android:name="com.google.android.play.core.common.PlayCoreDialogWrapperActivity"
226-->[com.google.android.play:core-common:2.0.3] AndroidManifest.xml:15:13-93
227            android:exported="false"
227-->[com.google.android.play:core-common:2.0.3] AndroidManifest.xml:16:13-37
228            android:stateNotNeeded="true"
228-->[com.google.android.play:core-common:2.0.3] AndroidManifest.xml:17:13-42
229            android:theme="@style/Theme.PlayCore.Transparent" />
229-->[com.google.android.play:core-common:2.0.3] AndroidManifest.xml:18:13-62
230    </application>
231
232</manifest>